<?xml version="1.0" encoding="UTF-8"?>
<!-- Generated by org.testng.reporters.JUnitReportReporter -->
<testsuite hostname="DESKTOP-OL1IA5J" failures="0" tests="6" name="files.DynamicJson" time="11.349" errors="0" timestamp="2021-10-23T19:39:43 CDT" skipped="0">
  <testcase classname="files.DynamicJson" name="deleteBook" time="1.283"/>
  <system-out/>
  <testcase classname="files.DynamicJson" name="addBook" time="3.412"/>
  <system-out/>
  <testcase classname="files.DynamicJson" name="addBook" time="1.682"/>
  <system-out/>
  <testcase classname="files.DynamicJson" name="addBook" time="1.790"/>
  <system-out/>
  <testcase classname="files.DynamicJson" name="deleteBook" time="1.346"/>
  <system-out/>
  <testcase classname="files.DynamicJson" name="deleteBook" time="1.836"/>
  <system-out/>
</testsuite> <!-- files.DynamicJson -->
